Building DAG of jobs...
Using shell: /usr/bin/bash
Provided cores: 1 (use --cores to define parallelism)
Rules claiming more threads will be scaled down.
Job stats:
job                 count    min threads    max threads
----------------  -------  -------------  -------------
get_species_list        1              1              1
total                   1              1              1

Select jobs to execute...

[Mon Dec 19 14:50:40 2022]
rule get_species_list:
    input: scripts/script_get_species_list.R, data/raw_data/data_effect_traits.csv
    output: data/cleaned_data/species_list.csv
    jobid: 0
    reason: Missing output files: data/cleaned_data/species_list.csv
    resources: tmpdir=/tmp

[Mon Dec 19 14:50:41 2022]
Finished job 0.
1 of 1 steps (100%) done
Complete log: .snakemake/log/2022-12-19T145040.760886.snakemake.log
